<?xml version="1.0" encoding="UTF-8"?>
<testsuite xmlns:xsi="http://www.w3.org/2001/XMLSchema-instance" xsi:noNamespaceSchemaLocation="https://maven.apache.org/surefire/maven-surefire-plugin/xsd/surefire-test-report.xsd" name="com.neusoft.java.hars.RegistrationApplicationTests" time="4.68" tests="1" errors="0" skipped="0" failures="0">
  <properties>
    <property name="gopherProxySet" value="false"/>
    <property name="awt.toolkit" value="sun.lwawt.macosx.LWCToolkit"/>
    <property name="file.encoding.pkg" value="sun.io"/>
    <property name="java.specification.version" value="1.8"/>
    <property name="sun.cpu.isalist" value=""/>
    <property name="sun.jnu.encoding" value="UTF-8"/>
    <property name="java.class.path" value="/Users/yonsun/git-project/demoHARS/target/test-classes:/Users/yonsun/git-project/demoHARS/target/classes:/Users/yonsun/.m2/repository/org/springframework/boot/spring-boot-starter-data-jpa/2.3.11.RELEASE/spring-boot-starter-data-jpa-2.3.11.RELEASE.jar:/Users/yonsun/.m2/repository/org/springframework/boot/spring-boot-starter-aop/2.3.11.RELEASE/spring-boot-starter-aop-2.3.11.RELEASE.jar:/Users/yonsun/.m2/repository/org/springframework/spring-aop/5.2.15.RELEASE/spring-aop-5.2.15.RELEASE.jar:/Users/yonsun/.m2/repository/org/aspectj/aspectjweaver/1.9.6/aspectjweaver-1.9.6.jar:/Users/yonsun/.m2/repository/org/springframework/boot/spring-boot-starter-jdbc/2.3.11.RELEASE/spring-boot-starter-jdbc-2.3.11.RELEASE.jar:/Users/yonsun/.m2/repository/com/zaxxer/HikariCP/3.4.5/HikariCP-3.4.5.jar:/Users/yonsun/.m2/repository/org/springframework/spring-jdbc/5.2.15.RELEASE/spring-jdbc-5.2.15.RELEASE.jar:/Users/yonsun/.m2/repository/jakarta/transaction/jakarta.transaction-api/1.3.3/jakarta.transaction-api-1.3.3.jar:/Users/yonsun/.m2/repository/jakarta/persistence/jakarta.persistence-api/2.2.3/jakarta.persistence-api-2.2.3.jar:/Users/yonsun/.m2/repository/org/hibernate/hibernate-core/5.4.31.Final/hibernate-core-5.4.31.Final.jar:/Users/yonsun/.m2/repository/org/jboss/logging/jboss-logging/3.4.1.Final/jboss-logging-3.4.1.Final.jar:/Users/yonsun/.m2/repository/org/javassist/javassist/3.27.0-GA/javassist-3.27.0-GA.jar:/Users/yonsun/.m2/repository/net/bytebuddy/byte-buddy/1.10.22/byte-buddy-1.10.22.jar:/Users/yonsun/.m2/repository/antlr/antlr/2.7.7/antlr-2.7.7.jar:/Users/yonsun/.m2/repository/org/jboss/jandex/2.2.3.Final/jandex-2.2.3.Final.jar:/Users/yonsun/.m2/repository/org/dom4j/dom4j/2.1.3/dom4j-2.1.3.jar:/Users/yonsun/.m2/repository/org/hibernate/common/hibernate-commons-annotations/5.1.2.Final/hibernate-commons-annotations-5.1.2.Final.jar:/Users/yonsun/.m2/repository/org/glassfish/jaxb/jaxb-runtime/2.3.4/jaxb-runtime-2.3.4.jar:/Users/yonsun/.m2/repository/org/glassfish/jaxb/txw2/2.3.4/txw2-2.3.4.jar:/Users/yonsun/.m2/repository/com/sun/istack/istack-commons-runtime/3.0.12/istack-commons-runtime-3.0.12.jar:/Users/yonsun/.m2/repository/com/sun/activation/jakarta.activation/1.2.2/jakarta.activation-1.2.2.jar:/Users/yonsun/.m2/repository/org/springframework/data/spring-data-jpa/2.3.9.RELEASE/spring-data-jpa-2.3.9.RELEASE.jar:/Users/yonsun/.m2/repository/org/springframework/data/spring-data-commons/2.3.9.RELEASE/spring-data-commons-2.3.9.RELEASE.jar:/Users/yonsun/.m2/repository/org/springframework/spring-orm/5.2.15.RELEASE/spring-orm-5.2.15.RELEASE.jar:/Users/yonsun/.m2/repository/org/springframework/spring-context/5.2.15.RELEASE/spring-context-5.2.15.RELEASE.jar:/Users/yonsun/.m2/repository/org/springframework/spring-tx/5.2.15.RELEASE/spring-tx-5.2.15.RELEASE.jar:/Users/yonsun/.m2/repository/org/springframework/spring-beans/5.2.15.RELEASE/spring-beans-5.2.15.RELEASE.jar:/Users/yonsun/.m2/repository/org/springframework/spring-aspects/5.2.15.RELEASE/spring-aspects-5.2.15.RELEASE.jar:/Users/yonsun/.m2/repository/org/springframework/boot/spring-boot-starter-web/2.3.11.RELEASE/spring-boot-starter-web-2.3.11.RELEASE.jar:/Users/yonsun/.m2/repository/org/springframework/boot/spring-boot-starter/2.3.11.RELEASE/spring-boot-starter-2.3.11.RELEASE.jar:/Users/yonsun/.m2/repository/org/springframework/boot/spring-boot-starter-logging/2.3.11.RELEASE/spring-boot-starter-logging-2.3.11.RELEASE.jar:/Users/yonsun/.m2/repository/ch/qos/logback/logback-classic/1.2.3/logback-classic-1.2.3.jar:/Users/yonsun/.m2/repository/ch/qos/logback/logback-core/1.2.3/logback-core-1.2.3.jar:/Users/yonsun/.m2/repository/org/apache/logging/log4j/log4j-to-slf4j/2.13.3/log4j-to-slf4j-2.13.3.jar:/Users/yonsun/.m2/repository/org/apache/logging/log4j/log4j-api/2.13.3/log4j-api-2.13.3.jar:/Users/yonsun/.m2/repository/org/slf4j/jul-to-slf4j/1.7.30/jul-to-slf4j-1.7.30.jar:/Users/yonsun/.m2/repository/jakarta/annotation/jakarta.annotation-api/1.3.5/jakarta.annotation-api-1.3.5.jar:/Users/yonsun/.m2/repository/org/yaml/snakeyaml/1.26/snakeyaml-1.26.jar:/Users/yonsun/.m2/repository/org/springframework/boot/spring-boot-starter-json/2.3.11.RELEASE/spring-boot-starter-json-2.3.11.RELEASE.jar:/Users/yonsun/.m2/repository/com/fasterxml/jackson/core/jackson-databind/2.11.4/jackson-databind-2.11.4.jar:/Users/yonsun/.m2/repository/com/fasterxml/jackson/core/jackson-core/2.11.4/jackson-core-2.11.4.jar:/Users/yonsun/.m2/repository/com/fasterxml/jackson/datatype/jackson-datatype-jdk8/2.11.4/jackson-datatype-jdk8-2.11.4.jar:/Users/yonsun/.m2/repository/com/fasterxml/jackson/datatype/jackson-datatype-jsr310/2.11.4/jackson-datatype-jsr310-2.11.4.jar:/Users/yonsun/.m2/repository/com/fasterxml/jackson/module/jackson-module-parameter-names/2.11.4/jackson-module-parameter-names-2.11.4.jar:/Users/yonsun/.m2/repository/org/springframework/boot/spring-boot-starter-tomcat/2.3.11.RELEASE/spring-boot-starter-tomcat-2.3.11.RELEASE.jar:/Users/yonsun/.m2/repository/org/glassfish/jakarta.el/3.0.3/jakarta.el-3.0.3.jar:/Users/yonsun/.m2/repository/org/apache/tomcat/embed/tomcat-embed-websocket/9.0.46/tomcat-embed-websocket-9.0.46.jar:/Users/yonsun/.m2/repository/org/springframework/spring-web/5.2.15.RELEASE/spring-web-5.2.15.RELEASE.jar:/Users/yonsun/.m2/repository/org/springframework/spring-webmvc/5.2.15.RELEASE/spring-webmvc-5.2.15.RELEASE.jar:/Users/yonsun/.m2/repository/org/springframework/spring-expression/5.2.15.RELEASE/spring-expression-5.2.15.RELEASE.jar:/Users/yonsun/.m2/repository/mysql/mysql-connector-java/8.0.25/mysql-connector-java-8.0.25.jar:/Users/yonsun/.m2/repository/org/projectlombok/lombok/1.18.20/lombok-1.18.20.jar:/Users/yonsun/.m2/repository/io/springfox/springfox-swagger2/2.5.0/springfox-swagger2-2.5.0.jar:/Users/yonsun/.m2/repository/io/swagger/swagger-annotations/1.5.9/swagger-annotations-1.5.9.jar:/Users/yonsun/.m2/repository/io/swagger/swagger-models/1.5.9/swagger-models-1.5.9.jar:/Users/yonsun/.m2/repository/com/fasterxml/jackson/core/jackson-annotations/2.11.4/jackson-annotations-2.11.4.jar:/Users/yonsun/.m2/repository/io/springfox/springfox-spi/2.5.0/springfox-spi-2.5.0.jar:/Users/yonsun/.m2/repository/io/springfox/springfox-core/2.5.0/springfox-core-2.5.0.jar:/Users/yonsun/.m2/repository/io/springfox/springfox-schema/2.5.0/springfox-schema-2.5.0.jar:/Users/yonsun/.m2/repository/io/springfox/springfox-swagger-common/2.5.0/springfox-swagger-common-2.5.0.jar:/Users/yonsun/.m2/repository/io/springfox/springfox-spring-web/2.5.0/springfox-spring-web-2.5.0.jar:/Users/yonsun/.m2/repository/com/google/guava/guava/18.0/guava-18.0.jar:/Users/yonsun/.m2/repository/com/fasterxml/classmate/1.5.1/classmate-1.5.1.jar:/Users/yonsun/.m2/repository/org/slf4j/slf4j-api/1.7.30/slf4j-api-1.7.30.jar:/Users/yonsun/.m2/repository/org/springframework/plugin/spring-plugin-core/1.2.0.RELEASE/spring-plugin-core-1.2.0.RELEASE.jar:/Users/yonsun/.m2/repository/org/springframework/plugin/spring-plugin-metadata/1.2.0.RELEASE/spring-plugin-metadata-1.2.0.RELEASE.jar:/Users/yonsun/.m2/repository/org/mapstruct/mapstruct/1.0.0.Final/mapstruct-1.0.0.Final.jar:/Users/yonsun/.m2/repository/io/springfox/springfox-bean-validators/2.5.0/springfox-bean-validators-2.5.0.jar:/Users/yonsun/.m2/repository/io/springfox/springfox-swagger-ui/2.5.0/springfox-swagger-ui-2.5.0.jar:/Users/yonsun/.m2/repository/javax/servlet/javax.servlet-api/4.0.1/javax.servlet-api-4.0.1.jar:/Users/yonsun/.m2/repository/javax/servlet/jstl/1.2/jstl-1.2.jar:/Users/yonsun/.m2/repository/org/apache/tomcat/embed/tomcat-embed-jasper/9.0.46/tomcat-embed-jasper-9.0.46.jar:/Users/yonsun/.m2/repository/org/apache/tomcat/embed/tomcat-embed-core/9.0.46/tomcat-embed-core-9.0.46.jar:/Users/yonsun/.m2/repository/org/apache/tomcat/tomcat-annotations-api/9.0.46/tomcat-annotations-api-9.0.46.jar:/Users/yonsun/.m2/repository/org/apache/tomcat/embed/tomcat-embed-el/9.0.46/tomcat-embed-el-9.0.46.jar:/Users/yonsun/.m2/repository/org/eclipse/jdt/ecj/3.18.0/ecj-3.18.0.jar:/Users/yonsun/.m2/repository/commons-beanutils/commons-beanutils/1.9.3/commons-beanutils-1.9.3.jar:/Users/yonsun/.m2/repository/commons-logging/commons-logging/1.2/commons-logging-1.2.jar:/Users/yonsun/.m2/repository/commons-collections/commons-collections/3.2.2/commons-collections-3.2.2.jar:/Users/yonsun/.m2/repository/org/apache/commons/commons-lang3/3.10/commons-lang3-3.10.jar:/Users/yonsun/.m2/repository/org/apache/httpcomponents/httpcore/4.4.14/httpcore-4.4.14.jar:/Users/yonsun/.m2/repository/commons-httpclient/commons-httpclient/3.1/commons-httpclient-3.1.jar:/Users/yonsun/.m2/repository/commons-codec/commons-codec/1.14/commons-codec-1.14.jar:/Users/yonsun/.m2/repository/org/springframework/boot/spring-boot-devtools/2.3.11.RELEASE/spring-boot-devtools-2.3.11.RELEASE.jar:/Users/yonsun/.m2/repository/org/springframework/boot/spring-boot/2.3.11.RELEASE/spring-boot-2.3.11.RELEASE.jar:/Users/yonsun/.m2/repository/org/springframework/boot/spring-boot-autoconfigure/2.3.11.RELEASE/spring-boot-autoconfigure-2.3.11.RELEASE.jar:/Users/yonsun/.m2/repository/org/springframework/boot/spring-boot-starter-test/2.3.11.RELEASE/spring-boot-starter-test-2.3.11.RELEASE.jar:/Users/yonsun/.m2/repository/org/springframework/boot/spring-boot-test/2.3.11.RELEASE/spring-boot-test-2.3.11.RELEASE.jar:/Users/yonsun/.m2/repository/org/springframework/boot/spring-boot-test-autoconfigure/2.3.11.RELEASE/spring-boot-test-autoconfigure-2.3.11.RELEASE.jar:/Users/yonsun/.m2/repository/com/jayway/jsonpath/json-path/2.4.0/json-path-2.4.0.jar:/Users/yonsun/.m2/repository/net/minidev/json-smart/2.3.1/json-smart-2.3.1.jar:/Users/yonsun/.m2/repository/net/minidev/accessors-smart/2.3.1/accessors-smart-2.3.1.jar:/Users/yonsun/.m2/repository/org/ow2/asm/asm/5.0.4/asm-5.0.4.jar:/Users/yonsun/.m2/repository/jakarta/xml/bind/jakarta.xml.bind-api/2.3.3/jakarta.xml.bind-api-2.3.3.jar:/Users/yonsun/.m2/repository/jakarta/activation/jakarta.activation-api/1.2.2/jakarta.activation-api-1.2.2.jar:/Users/yonsun/.m2/repository/org/assertj/assertj-core/3.16.1/assertj-core-3.16.1.jar:/Users/yonsun/.m2/repository/org/hamcrest/hamcrest/2.2/hamcrest-2.2.jar:/Users/yonsun/.m2/repository/org/junit/jupiter/junit-jupiter/5.6.3/junit-jupiter-5.6.3.jar:/Users/yonsun/.m2/repository/org/junit/jupiter/junit-jupiter-api/5.6.3/junit-jupiter-api-5.6.3.jar:/Users/yonsun/.m2/repository/org/apiguardian/apiguardian-api/1.1.0/apiguardian-api-1.1.0.jar:/Users/yonsun/.m2/repository/org/opentest4j/opentest4j/1.2.0/opentest4j-1.2.0.jar:/Users/yonsun/.m2/repository/org/junit/platform/junit-platform-commons/1.6.3/junit-platform-commons-1.6.3.jar:/Users/yonsun/.m2/repository/org/junit/jupiter/junit-jupiter-params/5.6.3/junit-jupiter-params-5.6.3.jar:/Users/yonsun/.m2/repository/org/junit/jupiter/junit-jupiter-engine/5.6.3/junit-jupiter-engine-5.6.3.jar:/Users/yonsun/.m2/repository/org/junit/platform/junit-platform-engine/1.6.3/junit-platform-engine-1.6.3.jar:/Users/yonsun/.m2/repository/org/mockito/mockito-core/3.3.3/mockito-core-3.3.3.jar:/Users/yonsun/.m2/repository/net/bytebuddy/byte-buddy-agent/1.10.22/byte-buddy-agent-1.10.22.jar:/Users/yonsun/.m2/repository/org/objenesis/objenesis/2.6/objenesis-2.6.jar:/Users/yonsun/.m2/repository/org/mockito/mockito-junit-jupiter/3.3.3/mockito-junit-jupiter-3.3.3.jar:/Users/yonsun/.m2/repository/org/skyscreamer/jsonassert/1.5.0/jsonassert-1.5.0.jar:/Users/yonsun/.m2/repository/com/vaadin/external/google/android-json/0.0.20131108.vaadin1/android-json-0.0.20131108.vaadin1.jar:/Users/yonsun/.m2/repository/org/springframework/spring-core/5.2.15.RELEASE/spring-core-5.2.15.RELEASE.jar:/Users/yonsun/.m2/repository/org/springframework/spring-jcl/5.2.15.RELEASE/spring-jcl-5.2.15.RELEASE.jar:/Users/yonsun/.m2/repository/org/springframework/spring-test/5.2.15.RELEASE/spring-test-5.2.15.RELEASE.jar:/Users/yonsun/.m2/repository/org/xmlunit/xmlunit-core/2.7.0/xmlunit-core-2.7.0.jar:"/>
    <property name="java.vm.vendor" value="Oracle Corporation"/>
    <property name="sun.arch.data.model" value="64"/>
    <property name="java.vendor.url" value="http://java.oracle.com/"/>
    <property name="user.timezone" value=""/>
    <property name="java.vm.specification.version" value="1.8"/>
    <property name="os.name" value="Mac OS X"/>
    <property name="user.country" value="CN"/>
    <property name="sun.java.launcher" value="SUN_STANDARD"/>
    <property name="sun.boot.library.path" value="/Library/Java/JavaVirtualMachines/jdk1.8.0_333.jdk/Contents/Home/jre/lib"/>
    <property name="sun.java.command" value="/Users/yonsun/git-project/demoHARS/target/surefire/surefirebooter8049003265579353655.jar /Users/yonsun/git-project/demoHARS/target/surefire 2022-07-03T17-51-09_451-jvmRun1 surefire160562426937155483tmp surefire_01156025480384047337tmp"/>
    <property name="http.nonProxyHosts" value="360.cn|*.360.cn|ali.com|*.ali.com|alibaba-inc.com|*.alibaba-inc.com|alibaba.com|*.alibaba.com|alibaba.net|*.alibaba.net|alibabacorp.com|*.alibabacorp.com|alicdn.com|*.alicdn.com|aliexpress.com|*.aliexpress.com|alikunlun.com|*.alikunlun.com|alipay-corp.com|*.alipay-corp.com|alipay-inc.com|*.alipay-inc.com|alipay.com|*.alipay.com|alipay.net|*.alipay.net|alipayobjects.com|*.alipayobjects.com|alitrip.com|*.alitrip.com|aliway.com|*.aliway.com|aliyun-inc.com|*.aliyun-inc.com|aliyun.com|*.aliyun.com|aliyuncs.com|*.aliyuncs.com|alizoo.com|*.alizoo.com|amap.com|*.amap.com|antfin-inc.com|*.antfin-inc.com|antfin.com|*.antfin.com|antfinancial-corp.com|*.antfinancial-corp.com|antsdaq-corp.com|*.antsdaq-corp.com|anyproxy.io|*.anyproxy.io|appx.dev|*.appx.dev|appx.run|*.appx.run|atatech.org|*.atatech.org|cainiao-inc.com|*.cainiao-inc.com|cnzz.com|*.cnzz.com|dingtalk.com|*.dingtalk.com|dingtalkapps.com|*.dingtalkapps.com|drophone-hive.com|*.drophone-hive.com|drophone.com|*.drophone.com|effirst.com|*.effirst.com|ele.me|*.ele.me|ele.to|*.ele.to|eleme.cn|*.eleme.cn|eleme.com.cn|*.eleme.com.cn|eleme.io|*.eleme.io|elemecdn.cn|*.elemecdn.cn|elemecdn.com|*.elemecdn.com|elenet.me|*.elenet.me|hemaos.com|*.hemaos.com|keruyun.com|*.keruyun.com|koubei-corp.com|*.koubei-corp.com|mayibank.net|*.mayibank.net|mini-code.com|*.mini-code.com|mini.dev|*.mini.dev|miniapp.dev|*.miniapp.dev|miniprogram.dev|*.miniprogram.dev|mmstat.com|*.mmstat.com|mybank-corp.cn|*.mybank-corp.cn|nlark.com|*.nlark.com|oceanbase.com|*.oceanbase.com|rajax-inc.com|*.rajax-inc.com|rajax-inc.net|*.rajax-inc.net|rajax.me|*.rajax.me|shishike.com|*.shishike.com|sm.cn|*.sm.cn|taobao.com|*.taobao.com|taobao.net|*.taobao.net|taobao.org|*.taobao.org|tbcdn.cn|*.tbcdn.cn|tbsite.net|*.tbsite.net|tmall.com|*.tmall.com|tmall.net|*.tmall.net|ucweb.local|*.ucweb.local|weiyun.com|*.weiyun.com|yisou.com|*.yisou.com|yunos-inc.com|*.yunos-inc.com|yunos.com|*.yunos.com|zmxy-corp.com.cn|*.zmxy-corp.com.cn|alipayobjects.com|*.alipayobjects.com|cloudprinter-hz.taobao.ali.com|*.cloudprinter-hz.taobao.ali.com|done.cdn.alibabadesign.com|*.done.cdn.alibabadesign.com|h5.dingtalk.co|*.h5.dingtalk.co|weibo.com|*.weibo.com"/>
    <property name="surefire.test.class.path" value="/Users/yonsun/git-project/demoHARS/target/test-classes:/Users/yonsun/git-project/demoHARS/target/classes:/Users/yonsun/.m2/repository/org/springframework/boot/spring-boot-starter-data-jpa/2.3.11.RELEASE/spring-boot-starter-data-jpa-2.3.11.RELEASE.jar:/Users/yonsun/.m2/repository/org/springframework/boot/spring-boot-starter-aop/2.3.11.RELEASE/spring-boot-starter-aop-2.3.11.RELEASE.jar:/Users/yonsun/.m2/repository/org/springframework/spring-aop/5.2.15.RELEASE/spring-aop-5.2.15.RELEASE.jar:/Users/yonsun/.m2/repository/org/aspectj/aspectjweaver/1.9.6/aspectjweaver-1.9.6.jar:/Users/yonsun/.m2/repository/org/springframework/boot/spring-boot-starter-jdbc/2.3.11.RELEASE/spring-boot-starter-jdbc-2.3.11.RELEASE.jar:/Users/yonsun/.m2/repository/com/zaxxer/HikariCP/3.4.5/HikariCP-3.4.5.jar:/Users/yonsun/.m2/repository/org/springframework/spring-jdbc/5.2.15.RELEASE/spring-jdbc-5.2.15.RELEASE.jar:/Users/yonsun/.m2/repository/jakarta/transaction/jakarta.transaction-api/1.3.3/jakarta.transaction-api-1.3.3.jar:/Users/yonsun/.m2/repository/jakarta/persistence/jakarta.persistence-api/2.2.3/jakarta.persistence-api-2.2.3.jar:/Users/yonsun/.m2/repository/org/hibernate/hibernate-core/5.4.31.Final/hibernate-core-5.4.31.Final.jar:/Users/yonsun/.m2/repository/org/jboss/logging/jboss-logging/3.4.1.Final/jboss-logging-3.4.1.Final.jar:/Users/yonsun/.m2/repository/org/javassist/javassist/3.27.0-GA/javassist-3.27.0-GA.jar:/Users/yonsun/.m2/repository/net/bytebuddy/byte-buddy/1.10.22/byte-buddy-1.10.22.jar:/Users/yonsun/.m2/repository/antlr/antlr/2.7.7/antlr-2.7.7.jar:/Users/yonsun/.m2/repository/org/jboss/jandex/2.2.3.Final/jandex-2.2.3.Final.jar:/Users/yonsun/.m2/repository/org/dom4j/dom4j/2.1.3/dom4j-2.1.3.jar:/Users/yonsun/.m2/repository/org/hibernate/common/hibernate-commons-annotations/5.1.2.Final/hibernate-commons-annotations-5.1.2.Final.jar:/Users/yonsun/.m2/repository/org/glassfish/jaxb/jaxb-runtime/2.3.4/jaxb-runtime-2.3.4.jar:/Users/yonsun/.m2/repository/org/glassfish/jaxb/txw2/2.3.4/txw2-2.3.4.jar:/Users/yonsun/.m2/repository/com/sun/istack/istack-commons-runtime/3.0.12/istack-commons-runtime-3.0.12.jar:/Users/yonsun/.m2/repository/com/sun/activation/jakarta.activation/1.2.2/jakarta.activation-1.2.2.jar:/Users/yonsun/.m2/repository/org/springframework/data/spring-data-jpa/2.3.9.RELEASE/spring-data-jpa-2.3.9.RELEASE.jar:/Users/yonsun/.m2/repository/org/springframework/data/spring-data-commons/2.3.9.RELEASE/spring-data-commons-2.3.9.RELEASE.jar:/Users/yonsun/.m2/repository/org/springframework/spring-orm/5.2.15.RELEASE/spring-orm-5.2.15.RELEASE.jar:/Users/yonsun/.m2/repository/org/springframework/spring-context/5.2.15.RELEASE/spring-context-5.2.15.RELEASE.jar:/Users/yonsun/.m2/repository/org/springframework/spring-tx/5.2.15.RELEASE/spring-tx-5.2.15.RELEASE.jar:/Users/yonsun/.m2/repository/org/springframework/spring-beans/5.2.15.RELEASE/spring-beans-5.2.15.RELEASE.jar:/Users/yonsun/.m2/repository/org/springframework/spring-aspects/5.2.15.RELEASE/spring-aspects-5.2.15.RELEASE.jar:/Users/yonsun/.m2/repository/org/springframework/boot/spring-boot-starter-web/2.3.11.RELEASE/spring-boot-starter-web-2.3.11.RELEASE.jar:/Users/yonsun/.m2/repository/org/springframework/boot/spring-boot-starter/2.3.11.RELEASE/spring-boot-starter-2.3.11.RELEASE.jar:/Users/yonsun/.m2/repository/org/springframework/boot/spring-boot-starter-logging/2.3.11.RELEASE/spring-boot-starter-logging-2.3.11.RELEASE.jar:/Users/yonsun/.m2/repository/ch/qos/logback/logback-classic/1.2.3/logback-classic-1.2.3.jar:/Users/yonsun/.m2/repository/ch/qos/logback/logback-core/1.2.3/logback-core-1.2.3.jar:/Users/yonsun/.m2/repository/org/apache/logging/log4j/log4j-to-slf4j/2.13.3/log4j-to-slf4j-2.13.3.jar:/Users/yonsun/.m2/repository/org/apache/logging/log4j/log4j-api/2.13.3/log4j-api-2.13.3.jar:/Users/yonsun/.m2/repository/org/slf4j/jul-to-slf4j/1.7.30/jul-to-slf4j-1.7.30.jar:/Users/yonsun/.m2/repository/jakarta/annotation/jakarta.annotation-api/1.3.5/jakarta.annotation-api-1.3.5.jar:/Users/yonsun/.m2/repository/org/yaml/snakeyaml/1.26/snakeyaml-1.26.jar:/Users/yonsun/.m2/repository/org/springframework/boot/spring-boot-starter-json/2.3.11.RELEASE/spring-boot-starter-json-2.3.11.RELEASE.jar:/Users/yonsun/.m2/repository/com/fasterxml/jackson/core/jackson-databind/2.11.4/jackson-databind-2.11.4.jar:/Users/yonsun/.m2/repository/com/fasterxml/jackson/core/jackson-core/2.11.4/jackson-core-2.11.4.jar:/Users/yonsun/.m2/repository/com/fasterxml/jackson/datatype/jackson-datatype-jdk8/2.11.4/jackson-datatype-jdk8-2.11.4.jar:/Users/yonsun/.m2/repository/com/fasterxml/jackson/datatype/jackson-datatype-jsr310/2.11.4/jackson-datatype-jsr310-2.11.4.jar:/Users/yonsun/.m2/repository/com/fasterxml/jackson/module/jackson-module-parameter-names/2.11.4/jackson-module-parameter-names-2.11.4.jar:/Users/yonsun/.m2/repository/org/springframework/boot/spring-boot-starter-tomcat/2.3.11.RELEASE/spring-boot-starter-tomcat-2.3.11.RELEASE.jar:/Users/yonsun/.m2/repository/org/glassfish/jakarta.el/3.0.3/jakarta.el-3.0.3.jar:/Users/yonsun/.m2/repository/org/apache/tomcat/embed/tomcat-embed-websocket/9.0.46/tomcat-embed-websocket-9.0.46.jar:/Users/yonsun/.m2/repository/org/springframework/spring-web/5.2.15.RELEASE/spring-web-5.2.15.RELEASE.jar:/Users/yonsun/.m2/repository/org/springframework/spring-webmvc/5.2.15.RELEASE/spring-webmvc-5.2.15.RELEASE.jar:/Users/yonsun/.m2/repository/org/springframework/spring-expression/5.2.15.RELEASE/spring-expression-5.2.15.RELEASE.jar:/Users/yonsun/.m2/repository/mysql/mysql-connector-java/8.0.25/mysql-connector-java-8.0.25.jar:/Users/yonsun/.m2/repository/org/projectlombok/lombok/1.18.20/lombok-1.18.20.jar:/Users/yonsun/.m2/repository/io/springfox/springfox-swagger2/2.5.0/springfox-swagger2-2.5.0.jar:/Users/yonsun/.m2/repository/io/swagger/swagger-annotations/1.5.9/swagger-annotations-1.5.9.jar:/Users/yonsun/.m2/repository/io/swagger/swagger-models/1.5.9/swagger-models-1.5.9.jar:/Users/yonsun/.m2/repository/com/fasterxml/jackson/core/jackson-annotations/2.11.4/jackson-annotations-2.11.4.jar:/Users/yonsun/.m2/repository/io/springfox/springfox-spi/2.5.0/springfox-spi-2.5.0.jar:/Users/yonsun/.m2/repository/io/springfox/springfox-core/2.5.0/springfox-core-2.5.0.jar:/Users/yonsun/.m2/repository/io/springfox/springfox-schema/2.5.0/springfox-schema-2.5.0.jar:/Users/yonsun/.m2/repository/io/springfox/springfox-swagger-common/2.5.0/springfox-swagger-common-2.5.0.jar:/Users/yonsun/.m2/repository/io/springfox/springfox-spring-web/2.5.0/springfox-spring-web-2.5.0.jar:/Users/yonsun/.m2/repository/com/google/guava/guava/18.0/guava-18.0.jar:/Users/yonsun/.m2/repository/com/fasterxml/classmate/1.5.1/classmate-1.5.1.jar:/Users/yonsun/.m2/repository/org/slf4j/slf4j-api/1.7.30/slf4j-api-1.7.30.jar:/Users/yonsun/.m2/repository/org/springframework/plugin/spring-plugin-core/1.2.0.RELEASE/spring-plugin-core-1.2.0.RELEASE.jar:/Users/yonsun/.m2/repository/org/springframework/plugin/spring-plugin-metadata/1.2.0.RELEASE/spring-plugin-metadata-1.2.0.RELEASE.jar:/Users/yonsun/.m2/repository/org/mapstruct/mapstruct/1.0.0.Final/mapstruct-1.0.0.Final.jar:/Users/yonsun/.m2/repository/io/springfox/springfox-bean-validators/2.5.0/springfox-bean-validators-2.5.0.jar:/Users/yonsun/.m2/repository/io/springfox/springfox-swagger-ui/2.5.0/springfox-swagger-ui-2.5.0.jar:/Users/yonsun/.m2/repository/javax/servlet/javax.servlet-api/4.0.1/javax.servlet-api-4.0.1.jar:/Users/yonsun/.m2/repository/javax/servlet/jstl/1.2/jstl-1.2.jar:/Users/yonsun/.m2/repository/org/apache/tomcat/embed/tomcat-embed-jasper/9.0.46/tomcat-embed-jasper-9.0.46.jar:/Users/yonsun/.m2/repository/org/apache/tomcat/embed/tomcat-embed-core/9.0.46/tomcat-embed-core-9.0.46.jar:/Users/yonsun/.m2/repository/org/apache/tomcat/tomcat-annotations-api/9.0.46/tomcat-annotations-api-9.0.46.jar:/Users/yonsun/.m2/repository/org/apache/tomcat/embed/tomcat-embed-el/9.0.46/tomcat-embed-el-9.0.46.jar:/Users/yonsun/.m2/repository/org/eclipse/jdt/ecj/3.18.0/ecj-3.18.0.jar:/Users/yonsun/.m2/repository/commons-beanutils/commons-beanutils/1.9.3/commons-beanutils-1.9.3.jar:/Users/yonsun/.m2/repository/commons-logging/commons-logging/1.2/commons-logging-1.2.jar:/Users/yonsun/.m2/repository/commons-collections/commons-collections/3.2.2/commons-collections-3.2.2.jar:/Users/yonsun/.m2/repository/org/apache/commons/commons-lang3/3.10/commons-lang3-3.10.jar:/Users/yonsun/.m2/repository/org/apache/httpcomponents/httpcore/4.4.14/httpcore-4.4.14.jar:/Users/yonsun/.m2/repository/commons-httpclient/commons-httpclient/3.1/commons-httpclient-3.1.jar:/Users/yonsun/.m2/repository/commons-codec/commons-codec/1.14/commons-codec-1.14.jar:/Users/yonsun/.m2/repository/org/springframework/boot/spring-boot-devtools/2.3.11.RELEASE/spring-boot-devtools-2.3.11.RELEASE.jar:/Users/yonsun/.m2/repository/org/springframework/boot/spring-boot/2.3.11.RELEASE/spring-boot-2.3.11.RELEASE.jar:/Users/yonsun/.m2/repository/org/springframework/boot/spring-boot-autoconfigure/2.3.11.RELEASE/spring-boot-autoconfigure-2.3.11.RELEASE.jar:/Users/yonsun/.m2/repository/org/springframework/boot/spring-boot-starter-test/2.3.11.RELEASE/spring-boot-starter-test-2.3.11.RELEASE.jar:/Users/yonsun/.m2/repository/org/springframework/boot/spring-boot-test/2.3.11.RELEASE/spring-boot-test-2.3.11.RELEASE.jar:/Users/yonsun/.m2/repository/org/springframework/boot/spring-boot-test-autoconfigure/2.3.11.RELEASE/spring-boot-test-autoconfigure-2.3.11.RELEASE.jar:/Users/yonsun/.m2/repository/com/jayway/jsonpath/json-path/2.4.0/json-path-2.4.0.jar:/Users/yonsun/.m2/repository/net/minidev/json-smart/2.3.1/json-smart-2.3.1.jar:/Users/yonsun/.m2/repository/net/minidev/accessors-smart/2.3.1/accessors-smart-2.3.1.jar:/Users/yonsun/.m2/repository/org/ow2/asm/asm/5.0.4/asm-5.0.4.jar:/Users/yonsun/.m2/repository/jakarta/xml/bind/jakarta.xml.bind-api/2.3.3/jakarta.xml.bind-api-2.3.3.jar:/Users/yonsun/.m2/repository/jakarta/activation/jakarta.activation-api/1.2.2/jakarta.activation-api-1.2.2.jar:/Users/yonsun/.m2/repository/org/assertj/assertj-core/3.16.1/assertj-core-3.16.1.jar:/Users/yonsun/.m2/repository/org/hamcrest/hamcrest/2.2/hamcrest-2.2.jar:/Users/yonsun/.m2/repository/org/junit/jupiter/junit-jupiter/5.6.3/junit-jupiter-5.6.3.jar:/Users/yonsun/.m2/repository/org/junit/jupiter/junit-jupiter-api/5.6.3/junit-jupiter-api-5.6.3.jar:/Users/yonsun/.m2/repository/org/apiguardian/apiguardian-api/1.1.0/apiguardian-api-1.1.0.jar:/Users/yonsun/.m2/repository/org/opentest4j/opentest4j/1.2.0/opentest4j-1.2.0.jar:/Users/yonsun/.m2/repository/org/junit/platform/junit-platform-commons/1.6.3/junit-platform-commons-1.6.3.jar:/Users/yonsun/.m2/repository/org/junit/jupiter/junit-jupiter-params/5.6.3/junit-jupiter-params-5.6.3.jar:/Users/yonsun/.m2/repository/org/junit/jupiter/junit-jupiter-engine/5.6.3/junit-jupiter-engine-5.6.3.jar:/Users/yonsun/.m2/repository/org/junit/platform/junit-platform-engine/1.6.3/junit-platform-engine-1.6.3.jar:/Users/yonsun/.m2/repository/org/mockito/mockito-core/3.3.3/mockito-core-3.3.3.jar:/Users/yonsun/.m2/repository/net/bytebuddy/byte-buddy-agent/1.10.22/byte-buddy-agent-1.10.22.jar:/Users/yonsun/.m2/repository/org/objenesis/objenesis/2.6/objenesis-2.6.jar:/Users/yonsun/.m2/repository/org/mockito/mockito-junit-jupiter/3.3.3/mockito-junit-jupiter-3.3.3.jar:/Users/yonsun/.m2/repository/org/skyscreamer/jsonassert/1.5.0/jsonassert-1.5.0.jar:/Users/yonsun/.m2/repository/com/vaadin/external/google/android-json/0.0.20131108.vaadin1/android-json-0.0.20131108.vaadin1.jar:/Users/yonsun/.m2/repository/org/springframework/spring-core/5.2.15.RELEASE/spring-core-5.2.15.RELEASE.jar:/Users/yonsun/.m2/repository/org/springframework/spring-jcl/5.2.15.RELEASE/spring-jcl-5.2.15.RELEASE.jar:/Users/yonsun/.m2/repository/org/springframework/spring-test/5.2.15.RELEASE/spring-test-5.2.15.RELEASE.jar:/Users/yonsun/.m2/repository/org/xmlunit/xmlunit-core/2.7.0/xmlunit-core-2.7.0.jar:"/>
    <property name="sun.cpu.endian" value="little"/>
    <property name="user.home" value="/Users/yonsun"/>
    <property name="user.language" value="zh"/>
    <property name="java.specification.vendor" value="Oracle Corporation"/>
    <property name="java.home" value="/Library/Java/JavaVirtualMachines/jdk1.8.0_333.jdk/Contents/Home/jre"/>
    <property name="basedir" value="/Users/yonsun/git-project/demoHARS"/>
    <property name="file.separator" value="/"/>
    <property name="line.separator" value="&#10;"/>
    <property name="java.vm.specification.vendor" value="Oracle Corporation"/>
    <property name="java.specification.name" value="Java Platform API Specification"/>
    <property name="java.awt.graphicsenv" value="sun.awt.CGraphicsEnvironment"/>
    <property name="surefire.real.class.path" value="/Users/yonsun/git-project/demoHARS/target/surefire/surefirebooter8049003265579353655.jar"/>
    <property name="sun.boot.class.path" value="/Library/Java/JavaVirtualMachines/jdk1.8.0_333.jdk/Contents/Home/jre/lib/resources.jar:/Library/Java/JavaVirtualMachines/jdk1.8.0_333.jdk/Contents/Home/jre/lib/rt.jar:/Library/Java/JavaVirtualMachines/jdk1.8.0_333.jdk/Contents/Home/jre/lib/sunrsasign.jar:/Library/Java/JavaVirtualMachines/jdk1.8.0_333.jdk/Contents/Home/jre/lib/jsse.jar:/Library/Java/JavaVirtualMachines/jdk1.8.0_333.jdk/Contents/Home/jre/lib/jce.jar:/Library/Java/JavaVirtualMachines/jdk1.8.0_333.jdk/Contents/Home/jre/lib/charsets.jar:/Library/Java/JavaVirtualMachines/jdk1.8.0_333.jdk/Contents/Home/jre/lib/jfr.jar:/Library/Java/JavaVirtualMachines/jdk1.8.0_333.jdk/Contents/Home/jre/classes"/>
    <property name="sun.management.compiler" value="HotSpot 64-Bit Tiered Compilers"/>
    <property name="ftp.nonProxyHosts" value="360.cn|*.360.cn|ali.com|*.ali.com|alibaba-inc.com|*.alibaba-inc.com|alibaba.com|*.alibaba.com|alibaba.net|*.alibaba.net|alibabacorp.com|*.alibabacorp.com|alicdn.com|*.alicdn.com|aliexpress.com|*.aliexpress.com|alikunlun.com|*.alikunlun.com|alipay-corp.com|*.alipay-corp.com|alipay-inc.com|*.alipay-inc.com|alipay.com|*.alipay.com|alipay.net|*.alipay.net|alipayobjects.com|*.alipayobjects.com|alitrip.com|*.alitrip.com|aliway.com|*.aliway.com|aliyun-inc.com|*.aliyun-inc.com|aliyun.com|*.aliyun.com|aliyuncs.com|*.aliyuncs.com|alizoo.com|*.alizoo.com|amap.com|*.amap.com|antfin-inc.com|*.antfin-inc.com|antfin.com|*.antfin.com|antfinancial-corp.com|*.antfinancial-corp.com|antsdaq-corp.com|*.antsdaq-corp.com|anyproxy.io|*.anyproxy.io|appx.dev|*.appx.dev|appx.run|*.appx.run|atatech.org|*.atatech.org|cainiao-inc.com|*.cainiao-inc.com|cnzz.com|*.cnzz.com|dingtalk.com|*.dingtalk.com|dingtalkapps.com|*.dingtalkapps.com|drophone-hive.com|*.drophone-hive.com|drophone.com|*.drophone.com|effirst.com|*.effirst.com|ele.me|*.ele.me|ele.to|*.ele.to|eleme.cn|*.eleme.cn|eleme.com.cn|*.eleme.com.cn|eleme.io|*.eleme.io|elemecdn.cn|*.elemecdn.cn|elemecdn.com|*.elemecdn.com|elenet.me|*.elenet.me|hemaos.com|*.hemaos.com|keruyun.com|*.keruyun.com|koubei-corp.com|*.koubei-corp.com|mayibank.net|*.mayibank.net|mini-code.com|*.mini-code.com|mini.dev|*.mini.dev|miniapp.dev|*.miniapp.dev|miniprogram.dev|*.miniprogram.dev|mmstat.com|*.mmstat.com|mybank-corp.cn|*.mybank-corp.cn|nlark.com|*.nlark.com|oceanbase.com|*.oceanbase.com|rajax-inc.com|*.rajax-inc.com|rajax-inc.net|*.rajax-inc.net|rajax.me|*.rajax.me|shishike.com|*.shishike.com|sm.cn|*.sm.cn|taobao.com|*.taobao.com|taobao.net|*.taobao.net|taobao.org|*.taobao.org|tbcdn.cn|*.tbcdn.cn|tbsite.net|*.tbsite.net|tmall.com|*.tmall.com|tmall.net|*.tmall.net|ucweb.local|*.ucweb.local|weiyun.com|*.weiyun.com|yisou.com|*.yisou.com|yunos-inc.com|*.yunos-inc.com|yunos.com|*.yunos.com|zmxy-corp.com.cn|*.zmxy-corp.com.cn|alipayobjects.com|*.alipayobjects.com|cloudprinter-hz.taobao.ali.com|*.cloudprinter-hz.taobao.ali.com|done.cdn.alibabadesign.com|*.done.cdn.alibabadesign.com|h5.dingtalk.co|*.h5.dingtalk.co|weibo.com|*.weibo.com"/>
    <property name="java.runtime.version" value="1.8.0_333-b02"/>
    <property name="user.name" value="yonsun"/>
    <property name="path.separator" value=":"/>
    <property name="os.version" value="12.3"/>
    <property name="java.endorsed.dirs" value="/Library/Java/JavaVirtualMachines/jdk1.8.0_333.jdk/Contents/Home/jre/lib/endorsed"/>
    <property name="java.runtime.name" value="Java(TM) SE Runtime Environment"/>
    <property name="file.encoding" value="UTF-8"/>
    <property name="java.vm.name" value="Java HotSpot(TM) 64-Bit Server VM"/>
    <property name="localRepository" value="/Users/yonsun/.m2/repository"/>
    <property name="java.vendor.url.bug" value="http://bugreport.sun.com/bugreport/"/>
    <property name="java.io.tmpdir" value="/var/folders/x8/jq89843d01d8nrjx9qd9khx80000gp/T/"/>
    <property name="idea.version" value="2022.1.1"/>
    <property name="java.version" value="1.8.0_333"/>
    <property name="user.dir" value="/Users/yonsun/git-project/demoHARS"/>
    <property name="os.arch" value="x86_64"/>
    <property name="java.vm.specification.name" value="Java Virtual Machine Specification"/>
    <property name="java.awt.printerjob" value="sun.lwawt.macosx.CPrinterJob"/>
    <property name="sun.os.patch.level" value="unknown"/>
    <property name="java.library.path" value="/Users/yonsun/Library/Java/Extensions:/Library/Java/Extensions:/Network/Library/Java/Extensions:/System/Library/Java/Extensions:/usr/lib/java:."/>
    <property name="java.vm.info" value="mixed mode"/>
    <property name="java.vendor" value="Oracle Corporation"/>
    <property name="java.vm.version" value="25.333-b02"/>
    <property name="java.ext.dirs" value="/Users/yonsun/Library/Java/Extensions:/Library/Java/JavaVirtualMachines/jdk1.8.0_333.jdk/Contents/Home/jre/lib/ext:/Library/Java/Extensions:/Network/Library/Java/Extensions:/System/Library/Java/Extensions:/usr/lib/java"/>
    <property name="sun.io.unicode.encoding" value="UnicodeBig"/>
    <property name="java.class.version" value="52.0"/>
    <property name="socksNonProxyHosts" value="360.cn|*.360.cn|ali.com|*.ali.com|alibaba-inc.com|*.alibaba-inc.com|alibaba.com|*.alibaba.com|alibaba.net|*.alibaba.net|alibabacorp.com|*.alibabacorp.com|alicdn.com|*.alicdn.com|aliexpress.com|*.aliexpress.com|alikunlun.com|*.alikunlun.com|alipay-corp.com|*.alipay-corp.com|alipay-inc.com|*.alipay-inc.com|alipay.com|*.alipay.com|alipay.net|*.alipay.net|alipayobjects.com|*.alipayobjects.com|alitrip.com|*.alitrip.com|aliway.com|*.aliway.com|aliyun-inc.com|*.aliyun-inc.com|aliyun.com|*.aliyun.com|aliyuncs.com|*.aliyuncs.com|alizoo.com|*.alizoo.com|amap.com|*.amap.com|antfin-inc.com|*.antfin-inc.com|antfin.com|*.antfin.com|antfinancial-corp.com|*.antfinancial-corp.com|antsdaq-corp.com|*.antsdaq-corp.com|anyproxy.io|*.anyproxy.io|appx.dev|*.appx.dev|appx.run|*.appx.run|atatech.org|*.atatech.org|cainiao-inc.com|*.cainiao-inc.com|cnzz.com|*.cnzz.com|dingtalk.com|*.dingtalk.com|dingtalkapps.com|*.dingtalkapps.com|drophone-hive.com|*.drophone-hive.com|drophone.com|*.drophone.com|effirst.com|*.effirst.com|ele.me|*.ele.me|ele.to|*.ele.to|eleme.cn|*.eleme.cn|eleme.com.cn|*.eleme.com.cn|eleme.io|*.eleme.io|elemecdn.cn|*.elemecdn.cn|elemecdn.com|*.elemecdn.com|elenet.me|*.elenet.me|hemaos.com|*.hemaos.com|keruyun.com|*.keruyun.com|koubei-corp.com|*.koubei-corp.com|mayibank.net|*.mayibank.net|mini-code.com|*.mini-code.com|mini.dev|*.mini.dev|miniapp.dev|*.miniapp.dev|miniprogram.dev|*.miniprogram.dev|mmstat.com|*.mmstat.com|mybank-corp.cn|*.mybank-corp.cn|nlark.com|*.nlark.com|oceanbase.com|*.oceanbase.com|rajax-inc.com|*.rajax-inc.com|rajax-inc.net|*.rajax-inc.net|rajax.me|*.rajax.me|shishike.com|*.shishike.com|sm.cn|*.sm.cn|taobao.com|*.taobao.com|taobao.net|*.taobao.net|taobao.org|*.taobao.org|tbcdn.cn|*.tbcdn.cn|tbsite.net|*.tbsite.net|tmall.com|*.tmall.com|tmall.net|*.tmall.net|ucweb.local|*.ucweb.local|weiyun.com|*.weiyun.com|yisou.com|*.yisou.com|yunos-inc.com|*.yunos-inc.com|yunos.com|*.yunos.com|zmxy-corp.com.cn|*.zmxy-corp.com.cn|alipayobjects.com|*.alipayobjects.com|cloudprinter-hz.taobao.ali.com|*.cloudprinter-hz.taobao.ali.com|done.cdn.alibabadesign.com|*.done.cdn.alibabadesign.com|h5.dingtalk.co|*.h5.dingtalk.co|weibo.com|*.weibo.com"/>
  </properties>
  <testcase name="contextLoads" classname="com.neusoft.java.hars.RegistrationApplicationTests" time="0"/>
</testsuite>